********************************************************************************
DUPLICATOR-LITE PACKAGE-LOG: November 9, 2021 4:21 pm
NOTICE: Do NOT post to public sites or forums 
********************************************************************************
VERSION:	1.4.3
WORDPRESS:	5.8.1
PHP INFO:	7.3.31 | SAPI: apache2handler
SERVER:		Apache/2.4.51 (Win64) OpenSSL/1.1.1l PHP/7.3.31 
PHP TIME LIMIT: (0) no time limit imposed 
PHP MAX MEMORY: 4294967296 (512M default) 
MEMORY STACK: 10MB

********************************************************************************
DATABASE:
********************************************************************************
BUILD MODE:   MYSQLDUMP
MYSQLTIMEOUT: 5000
MYSQLDUMP:    Is Supported
SQL CREATED: 20211109_royaltiles_68e8b904f89837112301_20211109162042_database.sql
SQL FILE SIZE: 1.04MB (1092547)
SQL FILE TIME: 2021-11-09 16:21:34
SQL RUNTIME: 3.36 sec.

********************************************************************************
ARCHIVE (ZIP):
********************************************************************************
ARCHIVE DIR:  C:/xampp/htdocs/royaltiles
ARCHIVE FILE: 20211109_royaltiles_68e8b904f89837112301_20211109162042_archive.zip
FILTERS: *OFF*
DIRS:
	not set
FILES:
	not set
EXTS:  not set
----------------------------------------
COMPRESSING
SIZE:	127.89MB
STATS:	Dirs 2,309 | Files 14,448
SQL ADDED: 20211109_royaltiles_68e8b904f89837112301_20211109162042_database.sql
ZipArchive Object
(
    [status] => 0
    [statusSys] => 0
    [numFiles] => 16757
    [filename] => C:\xampp\htdocs\royaltiles\wp-content\backups-dup-lite\tmp\20211109_royaltiles_68e8b904f89837112301_20211109162042_archive.zip
    [comment] => 
)

FILE ADDED TO ZIP: 16756
COMPRESSION RESULT: '1'
COMPRESSED SIZE: 57.26MB
ARCHIVE RUNTIME: 66.02 sec.
MEMORY STACK: 12MB
building installer
add_extra_files1
add_extra_files2
add_extra_files3
add_extra_files4
Doing archive file check
add_extra_files5
add_extra_files6
add_extra_files8
Successfully opened zip C:/xampp/htdocs/royaltiles/wp-content/backups-dup-lite/tmp/20211109_royaltiles_68e8b904f89837112301_20211109162042_archive.zip
Adding enhanced installer files to archive using ZipArchive
Installer files added to archive
Added to archive
After ziparchive close when adding installer

********************************************************************************
INTEGRITY CHECKS:
********************************************************************************
SQL FILE: 1.04MB
INSTALLER FILE: 64.26KB
ARCHIVE FILE: 58.32MB 
EXPECTED FILE/DIRECTORY COUNT: 16,757
ACTUAL FILE/DIRECTORY COUNT: 16,756
ARCHIVE CONSISTENCY TEST: Pass

********************************************************************************
RECORD ID:[1]
TOTAL PROCESS RUNTIME: 73.04 sec.
PEAK PHP MEMORY USED: 16MB
DONE PROCESSING => 20211109_royaltiles November 9, 2021 4:22 pm

